DEPRECATION WARNING: ActiveRecord::Base.raise_in_transactional_callbacks= is deprecated, has no effect and will be removed without replacement. (called from require at /Users/deannakelley/.rvm/rubies/ruby-2.6.1/lib/ruby/site_ruby/2.6.0/rubygems/core_ext/kernel_require.rb:54)
DEPRECATION WARNING: ActiveRecord::Base.raise_in_transactional_callbacks= is deprecated, has no effect and will be removed without replacement. (called from require at /Users/deannakelley/Development/code/omniauth_readme-onl01-seng-pt-100619/bin/rails:9)
  [1m[35m (2.8ms)[0m  [1m[35mCREATE TABLE "schema_migrations" ("version" varchar NOT NULL PRIMARY KEY)[0m
  [1m[35m (2.7ms)[0m  [1m[35mCREATE TABLE "ar_internal_metadata" ("key" varchar NOT NULL PRIMARY KEY, "value" varchar, "created_at" datetime NOT NULL, "updated_at" datetime NOT NULL)[0m
  [1m[36mActiveRecord::SchemaMigration Load (0.2ms)[0m  [1m[34mSELECT "schema_migrations".* FROM "schema_migrations"[0m
Migrating to CreateUsers (20200331205956)
  [1m[35m (0.1ms)[0m  [1m[36mbegin transaction[0m
  [1m[35m (0.5ms)[0m  [1m[35mCREATE TABLE "users" ("id" INTEGER PRIMARY KEY AUTOINCREMENT NOT NULL, "name" varchar, "email" varchar, "image" varchar, "uid" varchar, "created_at" datetime NOT NULL, "updated_at" datetime NOT NULL)[0m
  [1m[35mSQL (0.2ms)[0m  [1m[32mINSERT INTO "schema_migrations" ("version") VALUES (?)[0m  [["version", "20200331205956"]]
  [1m[35m (1.5ms)[0m  [1m[36mcommit transaction[0m
  [1m[36mActiveRecord::InternalMetadata Load (0.1ms)[0m  [1m[34mSELECT  "ar_internal_metadata".* FROM "ar_internal_metadata" WHERE "ar_internal_metadata"."key" = ? LIMIT ?[0m  [["key", "environment"], ["LIMIT", 1]]
  [1m[35m (0.1ms)[0m  [1m[36mbegin transaction[0m
  [1m[35mSQL (0.4ms)[0m  [1m[32mINSERT INTO "ar_internal_metadata" ("key", "value", "created_at", "updated_at") VALUES (?, ?, ?, ?)[0m  [["key", "environment"], ["value", "development"], ["created_at", "2020-03-31 21:00:49.496202"], ["updated_at", "2020-03-31 21:00:49.496202"]]
  [1m[35m (1.8ms)[0m  [1m[36mcommit transaction[0m
  [1m[36mActiveRecord::SchemaMigration Load (0.1ms)[0m  [1m[34mSELECT "schema_migrations".* FROM "schema_migrations"[0m
Started GET "/" for ::1 at 2020-03-31 17:06:06 -0400
DEPRECATION WARNING: ActiveRecord::Base.raise_in_transactional_callbacks= is deprecated, has no effect and will be removed without replacement. (called from require at /Users/deannakelley/Development/code/omniauth_readme-onl01-seng-pt-100619/bin/rails:9)
  [1m[36mActiveRecord::SchemaMigration Load (0.1ms)[0m  [1m[34mSELECT "schema_migrations".* FROM "schema_migrations"[0m
Processing by WelcomeController#home as HTML
  Rendering welcome/home.html.erb within layouts/application
  Rendered welcome/home.html.erb within layouts/application (26.6ms)
Completed 200 OK in 1410ms (Views: 1370.8ms | ActiveRecord: 0.0ms)


Started GET "/assets/session.self-e3b0c44298fc1c149afbf4c8996fb92427ae41e4649b934ca495991b7852b855.css?body=1" for ::1 at 2020-03-31 17:06:07 -0400
Started GET "/assets/jquery.self-bd7ddd393353a8d2480a622e80342adf488fb6006d667e8b42e4c0073393abee.js?body=1" for ::1 at 2020-03-31 17:06:08 -0400
Started GET "/assets/session.self-877aef30ae1b040ab8a3aba4e3e309a11d7f2612f44dde450b5c157aa5f95c05.js?body=1" for ::1 at 2020-03-31 17:06:08 -0400
Started GET "/auth/facebook" for ::1 at 2020-03-31 17:06:45 -0400
Started GET "/auth/facebook" for ::1 at 2020-03-31 17:06:46 -0400
Started GET "/auth/facebook/callback?code=AQBXdzdVurx-D-7JmAH4XFeuapidJxbLxZbxlzPFU4LECty9fWjTd8GrWKGTjjyIXWZGGaFUsrJazK1L2J5L8sJZJkF_a2yh47cRUtu7Zf7cncfbRVsXroCrBQ0Fshxq-1nzv3Rqy4xPZbahQfykIPFX2mGiogFKuseArAC2wC8m8um2-AUrc3qc_g082sfQNDmA9Hu0A_hZ24SUcgI1V2xkLawJd36xo9uSnOTszo-eAtxgIe8v3nf0uKbXEDNcR8yvgMko6sUY0iCdPI9lOZZb9iOAOnVl1OzluqWN16siEZe6HbKVfoeap6_-5qVvpwE&state=e8227e831344c038438237ad3abf4aad40671a533414b80d" for ::1 at 2020-03-31 17:07:03 -0400
Processing by SessionsController#create as HTML
  Parameters: {"code"=>"AQBXdzdVurx-D-7JmAH4XFeuapidJxbLxZbxlzPFU4LECty9fWjTd8GrWKGTjjyIXWZGGaFUsrJazK1L2J5L8sJZJkF_a2yh47cRUtu7Zf7cncfbRVsXroCrBQ0Fshxq-1nzv3Rqy4xPZbahQfykIPFX2mGiogFKuseArAC2wC8m8um2-AUrc3qc_g082sfQNDmA9Hu0A_hZ24SUcgI1V2xkLawJd36xo9uSnOTszo-eAtxgIe8v3nf0uKbXEDNcR8yvgMko6sUY0iCdPI9lOZZb9iOAOnVl1OzluqWN16siEZe6HbKVfoeap6_-5qVvpwE", "state"=>"e8227e831344c038438237ad3abf4aad40671a533414b80d"}
  [1m[36mUser Load (0.1ms)[0m  [1m[34mSELECT  "users".* FROM "users" WHERE "users"."uid" = ? LIMIT ?[0m  [["uid", "831895039110"], ["LIMIT", 1]]
  [1m[35m (0.1ms)[0m  [1m[36mbegin transaction[0m
  [1m[35mSQL (0.8ms)[0m  [1m[32mINSERT INTO "users" ("name", "email", "image", "uid", "created_at", "updated_at") VALUES (?, ?, ?, ?, ?, ?)[0m  [["name", "Deanna Kelley"], ["email", "chasethesun212@yahoo.com"], ["image", "http://graph.facebook.com/v3.0/831895039110/picture"], ["uid", "831895039110"], ["created_at", "2020-03-31 21:07:04.697597"], ["updated_at", "2020-03-31 21:07:04.697597"]]
  [1m[35m (1.7ms)[0m  [1m[36mcommit transaction[0m
  Rendering welcome/home.html.erb within layouts/application
  Rendered welcome/home.html.erb within layouts/application (1.2ms)
Completed 200 OK in 120ms (Views: 100.9ms | ActiveRecord: 3.4ms)


